TN:
SF:src/index.ts
FNF:0
FNH:0
DA:1,1
DA:2,1
DA:3,1
DA:4,1
DA:5,1
DA:6,1
DA:7,1
DA:8,1
DA:9,1
LF:9
LH:9
BRF:0
BRH:0
end_of_record
TN:
SF:src/classes/acl.class.ts
FN:21,AccessControl
FN:33,clear
FN:37,exists
FN:41,delete
FN:45,update
FN:53,can
FN:60,wrap
FNF:7
FNH:6
FNDA:1,AccessControl
FNDA:0,clear
FNDA:4,exists
FNDA:1,delete
FNDA:11,update
FNDA:10,can
FNDA:120,wrap
DA:1,1
DA:2,1
DA:3,1
DA:4,1
DA:5,1
DA:6,1
DA:7,1
DA:8,1
DA:9,1
DA:10,1
DA:11,1
DA:12,1
DA:13,1
DA:14,1
DA:15,1
DA:16,1
DA:17,1
DA:18,1
DA:19,1
DA:20,1
DA:21,1
DA:22,1
DA:23,1
DA:24,1
DA:25,1
DA:26,1
DA:27,1
DA:28,1
DA:29,1
DA:30,1
DA:31,1
DA:32,1
DA:33,1
DA:34,0
DA:35,0
DA:36,1
DA:37,1
DA:38,4
DA:39,4
DA:40,1
DA:41,1
DA:42,1
DA:43,1
DA:44,1
DA:45,1
DA:46,11
DA:47,11
DA:48,11
DA:49,11
DA:50,11
DA:51,11
DA:52,1
DA:53,1
DA:54,10
DA:55,10
DA:56,10
DA:57,10
DA:58,10
DA:59,10
DA:60,10
DA:61,10
DA:62,10
DA:63,10
DA:64,10
DA:65,10
DA:66,10
DA:67,10
DA:68,10
DA:69,10
DA:70,10
DA:71,10
DA:72,10
DA:73,10
DA:74,10
DA:75,10
DA:76,10
DA:77,1
LF:77
LH:75
BRDA:21,0,0,1
BRDA:22,1,0,0
BRDA:24,2,0,0
BRDA:26,3,0,0
BRDA:28,4,0,0
BRDA:30,5,0,10
BRDA:37,6,0,4
BRDA:41,7,0,1
BRDA:45,8,0,11
BRDA:53,9,0,10
BRDA:54,10,0,6
BRDA:54,11,0,4
BRDA:54,12,0,4
BRDA:54,13,0,6
BRDA:54,14,0,0
BRDA:56,15,0,0
BRDA:56,16,0,0
BRDA:71,17,0,7
BRDA:71,18,0,4
BRDA:71,19,0,3
BRDA:71,20,0,1
BRDA:60,21,0,120
BRDA:61,22,0,10
BRDA:62,23,0,10
BRDA:63,24,0,10
BRDA:64,25,0,10
BRDA:66,26,0,40
BRF:27
BRH:20
end_of_record
TN:
SF:src/classes/grant.class.ts
FN:9,addOptions
FN:22,Grant
FN:30,set policies
FN:36,get policies
FN:40,update
FN:48,exists
FN:52,delete
FN:56,has
FN:60,test
FN:65,scopes
FN:69,add
FN:83,subjects
FN:86,add
FN:97,time
FN:104,add
FN:119,location
FN:126,add
FN:148,field
FN:167,filter
FN:186,notations
FN:196,add
FNF:21
FNH:21
FNDA:34,addOptions
FNDA:12,Grant
FNDA:9,set policies
FNDA:58,get policies
FNDA:31,update
FNDA:4,exists
FNDA:1,delete
FNDA:5,has
FNDA:5,test
FNDA:10,scopes
FNDA:4,add
FNDA:8,subjects
FNDA:6,add
FNDA:8,time
FNDA:4,add
FNDA:12,location
FNDA:6,add
FNDA:10,field
FNDA:8,filter
FNDA:18,notations
FNDA:14,add
DA:1,1
DA:2,1
DA:3,1
DA:4,1
DA:5,1
DA:6,1
DA:7,1
DA:8,1
DA:9,1
DA:10,34
DA:11,34
DA:12,34
DA:13,34
DA:14,34
DA:15,34
DA:16,34
DA:17,1
DA:18,1
DA:19,1
DA:20,1
DA:21,1
DA:22,1
DA:23,12
DA:24,12
DA:25,12
DA:26,12
DA:27,12
DA:28,12
DA:29,1
DA:30,1
DA:31,9
DA:32,9
DA:33,9
DA:34,9
DA:35,1
DA:36,1
DA:37,58
DA:38,58
DA:39,1
DA:40,1
DA:41,31
DA:42,31
DA:43,31
DA:44,31
DA:45,31
DA:46,31
DA:47,1
DA:48,1
DA:49,4
DA:50,4
DA:51,1
DA:52,1
DA:53,1
DA:54,1
DA:55,1
DA:56,1
DA:57,5
DA:58,5
DA:59,5
DA:60,5
DA:61,5
DA:62,5
DA:63,5
DA:64,1
DA:65,1
DA:66,10
DA:67,6
DA:68,10
DA:69,4
DA:70,4
DA:71,4
DA:72,4
DA:73,4
DA:74,4
DA:75,4
DA:76,4
DA:77,4
DA:78,4
DA:79,4
DA:80,4
DA:81,10
DA:82,1
DA:83,1
DA:84,8
DA:85,6
DA:86,6
DA:87,6
DA:88,6
DA:89,6
DA:90,6
DA:91,6
DA:92,6
DA:93,6
DA:94,6
DA:95,8
DA:96,1
DA:97,1
DA:98,8
DA:99,8
DA:100,8
DA:101,4
DA:102,4
DA:103,4
DA:104,4
DA:105,4
DA:106,4
DA:107,4
DA:108,4
DA:109,4
DA:110,4
DA:111,4
DA:112,4
DA:113,4
DA:114,8
DA:115,8
DA:116,4
DA:117,8
DA:118,1
DA:119,1
DA:120,12
DA:121,12
DA:122,12
DA:123,6
DA:124,6
DA:125,6
DA:126,6
DA:127,6
DA:128,6
DA:129,6
DA:130,6
DA:131,6
DA:132,6
DA:133,6
DA:134,6
DA:135,6
DA:136,12
DA:137,12
DA:138,6
DA:139,6
DA:140,6
DA:141,6
DA:142,6
DA:143,6
DA:144,6
DA:145,6
DA:146,12
DA:147,1
DA:148,1
DA:149,10
DA:150,10
DA:151,10
DA:152,10
DA:153,10
DA:154,10
DA:155,7
DA:156,7
DA:157,0
DA:158,0
DA:159,0
DA:160,0
DA:161,0
DA:162,0
DA:163,7
DA:164,7
DA:165,10
DA:166,1
DA:167,1
DA:168,8
DA:169,8
DA:170,8
DA:171,8
DA:172,8
DA:173,8
DA:174,6
DA:175,6
DA:176,0
DA:177,0
DA:178,0
DA:179,0
DA:180,0
DA:181,0
DA:182,6
DA:183,6
DA:184,8
DA:185,1
DA:186,1
DA:187,18
DA:188,18
DA:189,18
DA:190,18
DA:191,18
DA:192,18
DA:193,18
DA:194,4
DA:195,18
DA:196,14
DA:197,14
DA:198,14
DA:199,14
DA:200,14
DA:201,14
DA:202,14
DA:203,14
DA:204,14
DA:205,18
DA:206,18
DA:207,18
DA:208,1
LF:208
LH:196
BRDA:9,0,0,34
BRDA:12,1,0,26
BRDA:13,2,0,20
BRDA:14,3,0,0
BRDA:22,4,0,12
BRDA:23,5,0,10
BRDA:23,6,0,2
BRDA:25,7,0,10
BRDA:25,8,0,2
BRDA:27,9,0,9
BRDA:30,10,0,9
BRDA:31,11,0,0
BRDA:33,12,0,30
BRDA:36,13,0,58
BRDA:40,14,0,31
BRDA:48,15,0,4
BRDA:52,16,0,1
BRDA:56,17,0,5
BRDA:57,18,0,0
BRDA:60,19,0,5
BRDA:60,20,0,5
BRDA:65,21,0,10
BRDA:66,22,0,4
BRDA:66,23,0,6
BRDA:68,24,0,4
BRDA:67,25,0,60
BRDA:67,26,0,60
BRDA:69,27,0,4
BRDA:71,28,0,40
BRDA:71,29,0,60
BRDA:72,30,0,4
BRDA:73,31,0,4
BRDA:83,32,0,8
BRDA:84,33,0,6
BRDA:84,34,0,2
BRDA:85,35,0,6
BRDA:84,36,0,20
BRDA:86,37,0,6
BRDA:87,38,0,60
BRDA:87,39,0,60
BRDA:87,40,0,10
BRDA:97,41,0,8
BRDA:100,42,0,4
BRDA:102,43,0,0
BRDA:115,44,0,4
BRDA:101,45,0,40
BRDA:101,46,0,36
BRDA:101,47,0,4
BRDA:101,48,0,4
BRDA:102,49,0,4
BRDA:104,50,0,4
BRDA:106,51,0,40
BRDA:106,52,0,40
BRDA:107,53,0,4
BRDA:109,54,0,4
BRDA:109,55,0,0
BRDA:116,56,0,4
BRDA:119,57,0,12
BRDA:122,58,0,6
BRDA:122,59,0,6
BRDA:124,60,0,0
BRDA:137,61,0,6
BRDA:143,62,0,4
BRDA:123,63,0,60
BRDA:123,64,0,54
BRDA:123,65,0,6
BRDA:123,66,0,6
BRDA:124,67,0,12
BRDA:126,68,0,6
BRDA:128,69,0,60
BRDA:128,70,0,60
BRDA:129,71,0,6
BRDA:131,72,0,6
BRDA:131,73,0,0
BRDA:142,74,0,12
BRDA:148,75,0,10
BRDA:154,76,0,9
BRDA:154,77,0,3
BRDA:155,78,0,7
BRDA:156,79,0,1
BRDA:156,80,0,1
BRDA:156,81,0,0
BRDA:163,82,0,0
BRDA:167,83,0,8
BRDA:173,84,0,2
BRDA:174,85,0,6
BRDA:175,86,0,0
BRDA:175,87,0,0
BRDA:175,88,0,0
BRDA:182,89,0,0
BRDA:186,90,0,18
BRDA:193,91,0,16
BRDA:193,92,0,12
BRDA:193,93,0,4
BRDA:194,94,0,8
BRDA:195,95,0,14
BRDA:203,96,0,2
BRDA:203,97,0,12
BRDA:194,98,0,40
BRDA:194,99,0,32
BRDA:194,100,0,8
BRDA:194,101,0,8
BRDA:196,102,0,14
BRDA:198,103,0,123
BRDA:198,104,0,163
BRDA:199,105,0,27
BRDA:200,106,0,27
BRDA:200,107,0,11
BRF:108
BRH:95
end_of_record
TN:
SF:src/classes/index.ts
FNF:0
FNH:0
DA:1,1
DA:2,1
DA:3,1
LF:3
LH:3
BRF:0
BRH:0
end_of_record
TN:
SF:src/classes/permission.class.ts
FN:9,Permission
FN:14,get policies
FN:18,has
FN:22,scopes
FN:26,subjects
FN:30,time
FN:34,location
FN:38,field
FN:45,filter
FN:52,build
FNF:10
FNH:10
FNDA:12,Permission
FNDA:1,get policies
FNDA:2,has
FNDA:5,scopes
FNDA:4,subjects
FNDA:4,time
FNDA:6,location
FNDA:6,field
FNDA:4,filter
FNDA:1,build
DA:1,1
DA:2,1
DA:3,1
DA:4,1
DA:5,1
DA:6,1
DA:7,1
DA:8,1
DA:9,1
DA:10,12
DA:11,12
DA:12,12
DA:13,1
DA:14,1
DA:15,1
DA:16,1
DA:17,1
DA:18,1
DA:19,2
DA:20,2
DA:21,1
DA:22,1
DA:23,5
DA:24,5
DA:25,1
DA:26,1
DA:27,4
DA:28,4
DA:29,1
DA:30,1
DA:31,4
DA:32,4
DA:33,1
DA:34,1
DA:35,6
DA:36,6
DA:37,1
DA:38,1
DA:39,6
DA:40,6
DA:41,6
DA:42,6
DA:43,6
DA:44,1
DA:45,1
DA:46,4
DA:47,4
DA:48,4
DA:49,4
DA:50,4
DA:51,1
DA:52,1
DA:53,1
DA:54,1
DA:55,1
DA:56,1
DA:57,1
DA:58,1
DA:59,1
LF:59
LH:59
BRDA:9,0,0,12
BRDA:14,1,0,1
BRDA:18,2,0,2
BRDA:22,3,0,5
BRDA:26,4,0,4
BRDA:30,5,0,4
BRDA:34,6,0,6
BRDA:38,7,0,6
BRDA:45,8,0,4
BRDA:52,9,0,1
BRF:10
BRH:10
end_of_record
TN:
SF:src/consts/acl.const.ts
FNF:0
FNH:0
DA:1,1
DA:2,1
DA:3,1
DA:4,1
DA:5,1
DA:6,1
DA:7,1
DA:8,1
DA:9,1
DA:10,1
DA:11,1
DA:12,1
DA:13,1
DA:14,1
DA:15,1
DA:16,1
DA:17,1
DA:18,1
DA:19,1
DA:20,1
DA:21,1
LF:21
LH:21
BRF:0
BRH:0
end_of_record
TN:
SF:src/consts/index.ts
FNF:0
FNH:0
DA:1,1
LF:1
LH:1
BRF:0
BRH:0
end_of_record
TN:
SF:src/driver/index.ts
FNF:0
FNH:0
DA:1,1
LF:1
LH:1
BRF:0
BRH:0
end_of_record
TN:
SF:src/driver/memory/index.ts
FNF:0
FNH:0
DA:1,1
DA:2,1
LF:2
LH:2
BRF:0
BRH:0
end_of_record
TN:
SF:src/driver/memory/memory.driver.ts
FN:11,MemoryDriver
FN:15,clear
FN:20,get
FN:31,set
FN:36,del
FN:41,has
FN:45,build
FNF:7
FNH:6
FNDA:1,MemoryDriver
FNDA:0,clear
FNDA:40,get
FNDA:11,set
FNDA:1,del
FNDA:4,has
FNDA:1,build
DA:1,1
DA:2,1
DA:3,1
DA:4,1
DA:5,1
DA:6,1
DA:7,1
DA:8,1
DA:9,1
DA:10,1
DA:11,1
DA:12,1
DA:13,1
DA:14,1
DA:15,1
DA:16,0
DA:17,0
DA:18,0
DA:19,1
DA:20,1
DA:21,40
DA:22,40
DA:23,40
DA:24,40
DA:25,400
DA:26,400
DA:27,40
DA:28,40
DA:29,40
DA:30,1
DA:31,1
DA:32,11
DA:33,11
DA:34,11
DA:35,1
DA:36,1
DA:37,1
DA:38,1
DA:39,1
DA:40,1
DA:41,1
DA:42,4
DA:43,4
DA:44,1
DA:45,1
DA:46,1
DA:47,1
DA:48,1
LF:48
LH:45
BRDA:11,0,0,1
BRDA:12,1,0,0
BRDA:20,2,0,40
BRDA:24,3,0,400
BRDA:25,4,0,10
BRDA:31,5,0,11
BRDA:36,6,0,1
BRDA:41,7,0,4
BRDA:45,8,0,1
BRF:9
BRH:8
end_of_record
TN:
SF:src/driver/memory/memory.tools.ts
FN:7,memoryIgnore
FN:9,parse
FN:21,key
FN:40,pattern
FN:49,scope
FN:51,_pattern
FNF:6
FNH:6
FNDA:96,memoryIgnore
FNDA:1555,parse
FNDA:439,key
FNDA:96,pattern
FNDA:178,scope
FNDA:288,_pattern
DA:1,1
DA:2,1
DA:3,1
DA:4,1
DA:5,1
DA:6,1
DA:7,1
DA:8,1
DA:9,1555
DA:10,1555
DA:11,1555
DA:12,1555
DA:13,1555
DA:14,1555
DA:15,1555
DA:16,1555
DA:17,1555
DA:18,1555
DA:19,1555
DA:20,1
DA:21,439
DA:22,439
DA:23,439
DA:24,439
DA:25,439
DA:26,439
DA:27,439
DA:28,439
DA:29,439
DA:30,439
DA:31,439
DA:32,439
DA:33,439
DA:34,439
DA:35,439
DA:36,439
DA:37,1
DA:38,439
DA:39,1
DA:40,96
DA:41,96
DA:42,96
DA:43,96
DA:44,96
DA:45,96
DA:46,96
DA:47,96
DA:48,96
DA:49,96
DA:50,96
DA:51,96
DA:52,288
DA:53,178
DA:54,178
DA:55,178
DA:56,178
DA:57,288
DA:58,96
DA:59,96
DA:60,96
DA:61,1
DA:62,96
LF:62
LH:62
BRDA:7,0,0,96
BRDA:9,1,0,1555
BRDA:13,2,0,0
BRDA:16,3,0,3
BRDA:21,4,0,439
BRDA:25,5,0,0
BRDA:32,6,0,1
BRDA:32,7,0,438
BRDA:33,8,0,313
BRDA:33,9,0,126
BRDA:34,10,0,80
BRDA:34,11,0,359
BRDA:36,12,0,438
BRDA:37,13,0,1
BRDA:40,14,0,96
BRDA:44,15,0,0
BRDA:60,16,0,95
BRDA:61,17,0,1
BRDA:49,18,0,178
BRDA:49,19,0,0
BRDA:49,20,0,135
BRDA:49,21,0,43
BRDA:49,22,0,132
BRDA:49,23,0,46
BRDA:51,24,0,288
BRDA:52,25,0,178
BRDA:53,26,0,173
BRDA:53,27,0,5
BRDA:55,28,0,14
BRDA:55,29,0,164
BRDA:55,30,0,70
BRDA:55,31,0,94
BRDA:55,32,0,60
BRDA:55,33,0,34
BRDA:57,34,0,110
BRF:35
BRH:31
end_of_record
TN:
SF:src/types/cache.type.ts
FNF:0
FNH:0
DA:1,1
DA:2,1
DA:3,1
DA:4,1
DA:5,1
DA:6,1
DA:7,1
DA:8,1
DA:9,1
DA:10,1
DA:11,1
DA:12,1
DA:13,1
DA:14,1
DA:15,1
DA:16,1
DA:17,1
DA:18,1
DA:19,1
DA:20,1
DA:21,1
DA:22,1
DA:23,1
DA:24,1
DA:25,1
DA:26,1
LF:26
LH:26
BRF:0
BRH:0
end_of_record
TN:
SF:src/types/common.type.ts
FNF:0
FNH:0
DA:1,1
DA:2,1
DA:3,1
DA:4,1
DA:5,1
DA:6,1
DA:7,1
DA:8,1
LF:8
LH:8
BRF:0
BRH:0
end_of_record
TN:
SF:src/types/index.ts
FNF:0
FNH:0
DA:1,1
DA:2,1
DA:3,1
DA:4,1
LF:4
LH:4
BRF:0
BRH:0
end_of_record
TN:
SF:src/types/pattern.type.ts
FNF:0
FNH:0
DA:1,1
DA:2,1
DA:3,1
DA:4,1
LF:4
LH:4
BRF:0
BRH:0
end_of_record
TN:
SF:src/types/policy.type.ts
FNF:0
FNH:0
DA:1,1
DA:2,1
DA:3,1
DA:4,1
DA:5,1
DA:6,1
DA:7,1
DA:8,1
DA:9,1
DA:10,1
DA:11,1
DA:12,1
DA:13,1
DA:14,1
DA:15,1
DA:16,1
DA:17,1
DA:18,1
LF:18
LH:18
BRF:0
BRH:0
end_of_record
TN:
SF:src/utils/index.ts
FNF:0
FNH:0
DA:1,1
DA:2,1
DA:3,1
DA:4,1
LF:4
LH:4
BRF:0
BRH:0
end_of_record
TN:
SF:src/utils/log.util.ts
FN:3,log
FN:7,error
FN:8,warn
FN:9,info
FN:10,debug
FNF:5
FNH:2
FNDA:10,log
FNDA:0,error
FNDA:0,warn
FNDA:10,info
FNDA:0,debug
DA:1,1
DA:2,1
DA:3,1
DA:4,10
DA:5,10
DA:6,10
DA:7,10
DA:8,10
DA:9,10
DA:10,10
DA:11,10
DA:12,10
LF:12
LH:12
BRDA:3,0,0,10
BRDA:9,1,0,10
BRF:2
BRH:2
end_of_record
TN:
SF:src/utils/other.util.ts
FN:9,accumulate
FN:26,accessibility
FN:37,filterByNotation
FNF:3
FNH:3
FNDA:20,accumulate
FNDA:6,accessibility
FNDA:57,filterByNotation
DA:1,1
DA:2,1
DA:3,1
DA:4,1
DA:5,1
DA:6,1
DA:7,1
DA:8,1
DA:9,20
DA:10,20
DA:11,20
DA:12,20
DA:13,20
DA:14,15
DA:15,15
DA:16,15
DA:17,15
DA:18,20
DA:19,8
DA:20,8
DA:21,8
DA:22,15
DA:23,15
DA:24,15
DA:25,1
DA:26,6
DA:27,6
DA:28,6
DA:29,6
DA:30,6
DA:31,6
DA:32,6
DA:33,6
DA:34,6
DA:35,6
DA:36,1
DA:37,57
DA:38,57
DA:39,57
DA:40,57
DA:41,57
DA:42,57
DA:43,56
DA:44,57
LF:44
LH:44
BRDA:9,0,0,20
BRDA:13,1,0,19
BRDA:13,2,0,5
BRDA:14,3,0,15
BRDA:18,4,0,8
BRDA:22,5,0,15
BRDA:10,6,0,23
BRDA:15,7,0,43
BRDA:16,8,0,43
BRDA:19,9,0,28
BRDA:20,10,0,13
BRDA:20,11,0,50
BRDA:26,12,0,6
BRDA:29,13,0,0
BRDA:29,14,0,0
BRDA:37,15,0,57
BRDA:38,16,0,0
BRDA:40,17,0,13
BRDA:42,18,0,56
BRDA:42,19,0,1
BRDA:42,20,0,1
BRF:21
BRH:18
end_of_record
TN:
SF:src/utils/regex.util.ts
FNF:0
FNH:0
DA:1,1
DA:2,1
DA:3,1
DA:4,1
DA:5,1
DA:6,1
DA:7,1
DA:8,1
DA:9,1
DA:10,1
DA:11,1
DA:12,1
DA:13,1
DA:14,1
DA:15,1
DA:16,1
DA:17,1
DA:18,1
DA:19,1
DA:20,1
DA:21,1
DA:22,1
DA:23,1
DA:24,1
DA:25,1
DA:26,1
DA:27,1
DA:28,1
DA:29,1
LF:29
LH:29
BRF:0
BRH:0
end_of_record
TN:
SF:src/utils/validate.util.ts
FN:7,isIP
FN:11,isCIDR
FN:15,IP_CIDR
FN:19,isCRON
FN:23,validate
FNF:5
FNH:5
FNDA:19,isIP
FNDA:24,isCIDR
FNDA:15,IP_CIDR
FNDA:5,isCRON
FNDA:46,validate
DA:1,1
DA:2,1
DA:3,1
DA:4,1
DA:5,1
DA:6,1
DA:7,19
DA:8,19
DA:9,19
DA:10,1
DA:11,24
DA:12,24
DA:13,24
DA:14,1
DA:15,15
DA:16,15
DA:17,15
DA:18,1
DA:19,5
DA:20,5
DA:21,5
DA:22,1
DA:23,46
DA:24,46
DA:25,46
DA:26,46
DA:27,46
DA:28,46
DA:29,46
LF:29
LH:29
BRDA:7,0,0,19
BRDA:11,1,0,24
BRDA:15,2,0,15
BRDA:16,3,0,8
BRDA:19,4,0,5
BRDA:20,5,0,4
BRDA:23,6,0,46
BRDA:26,7,0,45
BRDA:26,8,0,1
BRDA:27,9,0,45
BRDA:27,10,0,39
BRDA:27,11,0,6
BRDA:27,12,0,6
BRDA:27,13,0,0
BRDA:27,14,0,1
BRDA:28,15,0,44
BRDA:28,16,0,39
BRDA:28,17,0,5
BRDA:28,18,0,5
BRDA:28,19,0,0
BRDA:28,20,0,1
BRDA:27,21,0,11
BRDA:28,22,0,5
BRDA:28,23,0,4
BRF:24
BRH:22
end_of_record
TN:
SF:test/mock.ts
FNF:0
FNH:0
DA:1,1
DA:2,1
DA:3,3
DA:4,3
DA:5,3
DA:6,3
DA:7,3
DA:8,3
DA:9,1
DA:10,1
DA:11,1
DA:12,1
DA:13,1
DA:14,1
DA:15,1
DA:16,1
DA:17,1
DA:18,1
DA:19,1
DA:20,1
DA:21,1
DA:22,1
DA:23,1
DA:24,1
DA:25,1
DA:26,1
DA:27,1
DA:28,1
DA:29,1
DA:30,1
DA:31,1
DA:32,1
DA:33,1
DA:34,1
DA:35,1
DA:36,1
DA:37,1
DA:38,1
DA:39,1
DA:40,1
DA:41,1
DA:42,1
DA:43,1
DA:44,1
DA:45,1
DA:46,1
DA:47,1
DA:48,1
DA:49,1
DA:50,1
DA:51,1
DA:52,1
DA:53,1
DA:54,1
DA:55,1
DA:56,1
DA:57,1
DA:58,1
DA:59,1
DA:60,1
DA:61,1
DA:62,1
DA:63,1
DA:64,1
DA:65,1
DA:66,1
DA:67,1
DA:68,1
DA:69,1
DA:70,1
DA:71,1
DA:72,1
LF:72
LH:72
BRDA:3,0,0,3
BRF:1
BRH:1
end_of_record
