TN:
SF:src/index.ts
FNF:0
FNH:0
DA:1,1
DA:2,1
DA:3,1
DA:4,1
DA:5,1
DA:6,1
DA:7,1
DA:8,1
LF:8
LH:8
BRF:0
BRH:0
end_of_record
TN:
SF:src/classes/acl.class.ts
FN:11,AccessControl
FN:20,set policies
FN:26,get policies
FN:30,update
FN:48,can
FNF:5
FNH:0
FNDA:0,AccessControl
FNDA:0,set policies
FNDA:0,get policies
FNDA:0,update
FNDA:0,can
DA:1,1
DA:2,1
DA:3,1
DA:4,1
DA:5,1
DA:6,1
DA:7,1
DA:8,1
DA:9,1
DA:10,1
DA:11,1
DA:12,0
DA:13,0
DA:14,0
DA:15,0
DA:16,0
DA:17,0
DA:18,0
DA:19,1
DA:20,1
DA:21,0
DA:22,0
DA:23,0
DA:24,0
DA:25,1
DA:26,1
DA:27,0
DA:28,0
DA:29,1
DA:30,1
DA:31,0
DA:32,0
DA:33,0
DA:34,0
DA:35,0
DA:36,0
DA:37,0
DA:38,0
DA:39,0
DA:40,0
DA:41,0
DA:42,0
DA:43,0
DA:44,0
DA:45,0
DA:46,0
DA:47,1
DA:48,1
DA:49,0
DA:50,0
DA:51,0
DA:52,0
DA:53,0
DA:54,0
DA:55,0
DA:56,0
DA:57,0
DA:58,0
DA:59,0
DA:60,0
DA:61,0
DA:62,0
DA:63,0
DA:64,0
DA:65,0
DA:66,0
DA:67,0
DA:68,0
DA:69,0
DA:70,1
LF:70
LH:20
BRF:0
BRH:0
end_of_record
TN:
SF:src/classes/grant.class.ts
FN:12,Grant
FN:21,set policies
FN:27,get policies
FN:31,has
FN:44,subjects
FN:49,add
FN:62,time
FN:72,add
FN:92,location
FN:101,add
FN:127,field
FN:135,add
FN:155,filter
FN:163,add
FN:183,update
FN:188,add
FNF:16
FNH:16
FNDA:1,Grant
FNDA:1,set policies
FNDA:1,get policies
FNDA:2,has
FNDA:4,subjects
FNDA:3,add
FNDA:4,time
FNDA:2,add
FNDA:6,location
FNDA:3,add
FNDA:4,field
FNDA:3,add
FNDA:4,filter
FNDA:3,add
FNDA:10,update
FNDA:10,add
DA:1,1
DA:2,1
DA:3,1
DA:4,1
DA:5,1
DA:6,1
DA:7,1
DA:8,1
DA:9,1
DA:10,1
DA:11,1
DA:12,1
DA:13,1
DA:14,1
DA:15,1
DA:16,1
DA:17,1
DA:18,1
DA:19,1
DA:20,1
DA:21,1
DA:22,1
DA:23,1
DA:24,1
DA:25,1
DA:26,1
DA:27,1
DA:28,1
DA:29,1
DA:30,1
DA:31,1
DA:32,2
DA:33,2
DA:34,2
DA:35,2
DA:36,2
DA:37,2
DA:38,2
DA:39,2
DA:40,2
DA:41,2
DA:42,2
DA:43,1
DA:44,1
DA:45,4
DA:46,4
DA:47,4
DA:48,3
DA:49,3
DA:50,3
DA:51,3
DA:52,3
DA:53,3
DA:54,3
DA:55,4
DA:56,3
DA:57,4
DA:58,3
DA:59,3
DA:60,3
DA:61,1
DA:62,1
DA:63,4
DA:64,4
DA:65,4
DA:66,4
DA:67,4
DA:68,2
DA:69,2
DA:70,2
DA:71,2
DA:72,2
DA:73,2
DA:74,2
DA:75,2
DA:76,2
DA:77,2
DA:78,2
DA:79,2
DA:80,2
DA:81,2
DA:82,2
DA:83,2
DA:84,2
DA:85,2
DA:86,2
DA:87,4
DA:88,4
DA:89,2
DA:90,4
DA:91,1
DA:92,1
DA:93,6
DA:94,6
DA:95,6
DA:96,6
DA:97,3
DA:98,3
DA:99,3
DA:100,3
DA:101,3
DA:102,3
DA:103,3
DA:104,3
DA:105,3
DA:106,3
DA:107,3
DA:108,3
DA:109,3
DA:110,3
DA:111,3
DA:112,3
DA:113,3
DA:114,3
DA:115,3
DA:116,6
DA:117,6
DA:118,3
DA:119,3
DA:120,3
DA:121,3
DA:122,3
DA:123,3
DA:124,3
DA:125,6
DA:126,1
DA:127,1
DA:128,4
DA:129,4
DA:130,4
DA:131,4
DA:132,1
DA:133,4
DA:134,3
DA:135,3
DA:136,3
DA:137,3
DA:138,3
DA:139,3
DA:140,3
DA:141,3
DA:142,3
DA:143,3
DA:144,3
DA:145,3
DA:146,3
DA:147,3
DA:148,3
DA:149,4
DA:150,4
DA:151,4
DA:152,3
DA:153,4
DA:154,1
DA:155,1
DA:156,4
DA:157,4
DA:158,4
DA:159,4
DA:160,1
DA:161,4
DA:162,3
DA:163,3
DA:164,3
DA:165,3
DA:166,3
DA:167,3
DA:168,3
DA:169,3
DA:170,3
DA:171,3
DA:172,3
DA:173,3
DA:174,3
DA:175,3
DA:176,3
DA:177,4
DA:178,4
DA:179,4
DA:180,3
DA:181,4
DA:182,1
DA:183,1
DA:184,10
DA:185,10
DA:186,10
DA:187,10
DA:188,10
DA:189,10
DA:190,1
DA:191,1
DA:192,10
DA:193,10
DA:194,10
DA:195,10
DA:196,10
DA:197,1
LF:197
LH:197
BRDA:12,0,0,1
BRDA:13,1,0,0
BRDA:15,2,0,0
BRDA:16,3,0,0
BRDA:21,4,0,1
BRDA:22,5,0,0
BRDA:24,6,0,9
BRDA:27,7,0,1
BRDA:31,8,0,2
BRDA:32,9,0,0
BRDA:37,10,0,1
BRDA:38,11,0,1
BRDA:39,12,0,1
BRDA:41,13,0,1
BRDA:41,14,0,0
BRDA:37,15,0,1
BRDA:38,16,0,1
BRDA:39,17,0,1
BRDA:44,18,0,4
BRDA:47,19,0,3
BRDA:47,20,0,1
BRDA:48,21,0,3
BRDA:55,22,0,0
BRDA:56,23,0,3
BRDA:57,24,0,0
BRDA:58,25,0,3
BRDA:47,26,0,9
BRDA:49,27,0,3
BRDA:50,28,0,27
BRDA:50,29,0,5
BRDA:62,30,0,4
BRDA:65,31,0,0
BRDA:67,32,0,2
BRDA:69,33,0,0
BRDA:83,34,0,0
BRDA:84,35,0,0
BRDA:88,36,0,2
BRDA:68,37,0,18
BRDA:68,38,0,16
BRDA:68,39,0,2
BRDA:68,40,0,2
BRDA:69,41,0,2
BRDA:72,42,0,2
BRDA:74,43,0,18
BRDA:74,44,0,18
BRDA:75,45,0,2
BRDA:77,46,0,2
BRDA:77,47,0,0
BRDA:89,48,0,2
BRDA:92,49,0,6
BRDA:96,50,0,3
BRDA:96,51,0,3
BRDA:98,52,0,0
BRDA:112,53,0,0
BRDA:113,54,0,0
BRDA:117,55,0,3
BRDA:123,56,0,2
BRDA:97,57,0,27
BRDA:97,58,0,24
BRDA:97,59,0,3
BRDA:97,60,0,3
BRDA:98,61,0,6
BRDA:101,62,0,3
BRDA:103,63,0,27
BRDA:103,64,0,27
BRDA:104,65,0,3
BRDA:106,66,0,3
BRDA:106,67,0,0
BRDA:122,68,0,6
BRDA:127,69,0,4
BRDA:131,70,0,3
BRDA:131,71,0,1
BRDA:132,72,0,2
BRDA:133,73,0,3
BRDA:145,74,0,2
BRDA:146,75,0,0
BRDA:151,76,0,1
BRDA:151,77,0,0
BRDA:152,78,0,3
BRDA:132,79,0,9
BRDA:132,80,0,7
BRDA:132,81,0,2
BRDA:132,82,0,2
BRDA:135,83,0,3
BRDA:137,84,0,27
BRDA:137,85,0,37
BRDA:138,86,0,6
BRDA:139,87,0,6
BRDA:139,88,0,3
BRDA:155,89,0,4
BRDA:159,90,0,3
BRDA:159,91,0,1
BRDA:161,92,0,3
BRDA:173,93,0,2
BRDA:174,94,0,0
BRDA:179,95,0,1
BRDA:179,96,0,0
BRDA:180,97,0,3
BRDA:160,98,0,9
BRDA:160,99,0,8
BRDA:160,100,0,1
BRDA:160,101,0,1
BRDA:163,102,0,3
BRDA:165,103,0,27
BRDA:165,104,0,37
BRDA:166,105,0,7
BRDA:167,106,0,7
BRDA:167,107,0,2
BRDA:183,108,0,10
BRDA:188,109,0,10
BRDA:189,110,0,1
BRDA:192,111,0,9
BRF:112
BRH:91
end_of_record
TN:
SF:src/classes/index.ts
FNF:0
FNH:0
DA:1,1
DA:2,1
DA:3,1
LF:3
LH:3
BRF:0
BRH:0
end_of_record
TN:
SF:src/classes/permission.class.ts
FN:9,Permission
FN:14,has
FN:18,subjects
FN:22,time
FN:26,location
FN:30,field
FN:34,filter
FN:38,get policies
FNF:8
FNH:0
FNDA:0,Permission
FNDA:0,has
FNDA:0,subjects
FNDA:0,time
FNDA:0,location
FNDA:0,field
FNDA:0,filter
FNDA:0,get policies
DA:1,1
DA:2,1
DA:3,1
DA:4,1
DA:5,1
DA:6,1
DA:7,1
DA:8,1
DA:9,1
DA:10,0
DA:11,0
DA:12,0
DA:13,1
DA:14,1
DA:15,0
DA:16,0
DA:17,1
DA:18,1
DA:19,0
DA:20,0
DA:21,1
DA:22,1
DA:23,0
DA:24,0
DA:25,1
DA:26,1
DA:27,0
DA:28,0
DA:29,1
DA:30,1
DA:31,0
DA:32,0
DA:33,1
DA:34,1
DA:35,0
DA:36,0
DA:37,1
DA:38,1
DA:39,0
DA:40,0
DA:41,1
LF:41
LH:24
BRF:0
BRH:0
end_of_record
TN:
SF:src/consts/acl.const.ts
FNF:0
FNH:0
DA:1,1
DA:2,1
DA:3,1
DA:4,1
DA:5,1
DA:6,1
DA:7,1
DA:8,1
DA:9,1
DA:10,1
DA:11,1
DA:12,1
DA:13,1
DA:14,1
DA:15,1
DA:16,1
DA:17,1
DA:18,1
DA:19,1
DA:20,1
LF:20
LH:20
BRF:0
BRH:0
end_of_record
TN:
SF:src/consts/index.ts
FNF:0
FNH:0
DA:1,1
LF:1
LH:1
BRF:0
BRH:0
end_of_record
TN:
SF:src/interfaces/acl.interface.ts
FNF:0
FNH:0
DA:1,1
DA:2,1
DA:3,1
DA:4,1
DA:5,1
DA:6,1
DA:7,1
DA:8,1
DA:9,1
DA:10,1
DA:11,1
DA:12,1
DA:13,1
DA:14,1
DA:15,1
DA:16,1
DA:17,1
DA:18,1
DA:19,1
DA:20,1
DA:21,1
DA:22,1
DA:23,1
DA:24,1
DA:25,1
DA:26,1
DA:27,1
DA:28,1
DA:29,1
DA:30,1
DA:31,1
DA:32,1
DA:33,1
DA:34,1
DA:35,1
DA:36,1
DA:37,1
DA:38,1
DA:39,1
DA:40,1
DA:41,1
LF:41
LH:41
BRF:0
BRH:0
end_of_record
TN:
SF:src/interfaces/grant.interface.ts
FNF:0
FNH:0
DA:1,1
DA:2,1
DA:3,1
DA:4,1
DA:5,1
DA:6,1
DA:7,1
DA:8,1
DA:9,1
DA:10,1
DA:11,1
DA:12,1
DA:13,1
DA:14,1
DA:15,1
DA:16,1
DA:17,1
DA:18,1
LF:18
LH:18
BRF:0
BRH:0
end_of_record
TN:
SF:src/interfaces/index.ts
FNF:0
FNH:0
DA:1,1
DA:2,1
DA:3,1
LF:3
LH:3
BRF:0
BRH:0
end_of_record
TN:
SF:src/interfaces/permission.interface.ts
FNF:0
FNH:0
DA:1,1
DA:2,1
DA:3,1
DA:4,1
DA:5,1
DA:6,1
DA:7,1
DA:8,1
DA:9,1
DA:10,1
DA:11,1
DA:12,1
DA:13,1
DA:14,1
DA:15,1
DA:16,1
DA:17,1
DA:18,1
DA:19,1
DA:20,1
DA:21,1
DA:22,1
DA:23,1
DA:24,1
DA:25,1
LF:25
LH:25
BRF:0
BRH:0
end_of_record
TN:
SF:src/utils/index.ts
FNF:0
FNH:0
DA:1,1
DA:2,1
DA:3,1
DA:4,1
DA:5,1
LF:5
LH:5
BRF:0
BRH:0
end_of_record
TN:
SF:src/utils/log.util.ts
FN:3,log
FNF:1
FNH:0
FNDA:0,log
DA:1,1
DA:2,1
DA:3,1
DA:4,0
DA:5,0
DA:6,0
DA:7,0
DA:8,0
DA:9,0
DA:10,0
DA:11,0
DA:12,0
LF:12
LH:3
BRF:0
BRH:0
end_of_record
TN:
SF:src/utils/other.util.ts
FN:9,accumulate
FN:26,accessibility
FN:37,filterByNotation
FNF:3
FNH:3
FNDA:10,accumulate
FNDA:4,accessibility
FNDA:18,filterByNotation
DA:1,1
DA:2,1
DA:3,1
DA:4,1
DA:5,1
DA:6,1
DA:7,1
DA:8,1
DA:9,10
DA:10,10
DA:11,10
DA:12,10
DA:13,10
DA:14,8
DA:15,8
DA:16,8
DA:17,8
DA:18,10
DA:19,4
DA:20,4
DA:21,4
DA:22,8
DA:23,8
DA:24,8
DA:25,1
DA:26,4
DA:27,4
DA:28,4
DA:29,4
DA:30,4
DA:31,4
DA:32,4
DA:33,4
DA:34,4
DA:35,4
DA:36,1
DA:37,18
DA:38,18
DA:39,18
DA:40,18
DA:41,17
DA:42,18
LF:42
LH:42
BRDA:9,0,0,10
BRDA:13,1,0,2
BRDA:14,2,0,8
BRDA:18,3,0,4
BRDA:22,4,0,8
BRDA:10,5,0,12
BRDA:15,6,0,25
BRDA:16,7,0,25
BRDA:19,8,0,18
BRDA:20,9,0,7
BRDA:20,10,0,36
BRDA:26,11,0,4
BRDA:29,12,0,0
BRDA:29,13,0,0
BRDA:37,14,0,18
BRDA:38,15,0,12
BRDA:40,16,0,17
BRDA:40,17,0,1
BRDA:40,18,0,1
BRF:19
BRH:17
end_of_record
TN:
SF:src/utils/policy.util.ts
FN:8,parse
FN:15,scope
FN:23,pattern
FN:32,normalize
FN:35,get
FN:47,key
FN:59,regex
FNF:7
FNH:7
FNDA:223,parse
FNDA:189,scope
FNDA:14,pattern
FNDA:173,normalize
FNDA:173,get
FNDA:13,key
FNDA:3,regex
DA:1,1
DA:2,1
DA:3,1
DA:4,1
DA:5,1
DA:6,1
DA:7,1
DA:8,223
DA:9,223
DA:10,222
DA:11,222
DA:12,222
DA:13,222
DA:14,1
DA:15,189
DA:16,189
DA:17,189
DA:18,189
DA:19,189
DA:20,189
DA:21,189
DA:22,1
DA:23,14
DA:24,14
DA:25,9
DA:26,4
DA:27,0
DA:28,14
DA:29,14
DA:30,14
DA:31,1
DA:32,173
DA:33,173
DA:34,173
DA:35,173
DA:36,173
DA:37,173
DA:38,173
DA:39,61
DA:40,3
DA:41,0
DA:42,173
DA:43,173
DA:44,173
DA:45,173
DA:46,1
DA:47,13
DA:48,13
DA:49,13
DA:50,13
DA:51,13
DA:52,13
DA:53,13
DA:54,13
DA:55,13
DA:56,13
DA:57,13
DA:58,1
DA:59,3
DA:60,3
DA:61,3
DA:62,3
DA:63,3
DA:64,3
DA:65,3
DA:66,3
DA:67,3
DA:68,3
DA:69,3
DA:70,3
DA:71,3
LF:71
LH:69
BRDA:8,0,0,223
BRDA:9,1,0,1
BRDA:10,2,0,222
BRDA:15,3,0,189
BRDA:16,4,0,21
BRDA:16,5,0,168
BRDA:17,6,0,9
BRDA:17,7,0,180
BRDA:18,8,0,19
BRDA:18,9,0,170
BRDA:20,10,0,180
BRDA:20,11,0,9
BRDA:23,12,0,14
BRDA:24,13,0,5
BRDA:24,14,0,3
BRDA:24,15,0,2
BRDA:25,16,0,9
BRDA:25,17,0,5
BRDA:25,18,0,2
BRDA:25,19,0,3
BRDA:26,20,0,4
BRDA:26,21,0,1
BRDA:26,22,0,3
BRDA:27,23,0,0
BRDA:29,24,0,5
BRDA:29,25,0,9
BRDA:29,26,0,5
BRDA:29,27,0,9
BRDA:32,28,0,173
BRDA:33,29,0,163
BRDA:33,30,0,10
BRDA:33,31,0,4
BRDA:33,32,0,169
BRDA:38,33,0,112
BRDA:38,34,0,0
BRDA:39,35,0,61
BRDA:39,36,0,58
BRDA:39,37,0,40
BRDA:39,38,0,18
BRDA:40,39,0,3
BRDA:40,40,0,1
BRDA:40,41,0,2
BRDA:41,42,0,0
BRDA:35,43,0,173
BRDA:35,44,0,0
BRDA:47,45,0,13
BRDA:52,46,0,1
BRDA:52,47,0,12
BRDA:53,48,0,7
BRDA:53,49,0,6
BRDA:54,50,0,3
BRDA:54,51,0,10
BRDA:59,52,0,3
BRDA:60,53,0,1
BRDA:60,54,0,2
BRDA:60,55,0,0
BRF:56
BRH:51
end_of_record
TN:
SF:src/utils/regex.util.ts
FNF:0
FNH:0
DA:1,1
DA:2,1
DA:3,1
DA:4,1
DA:5,1
DA:6,1
DA:7,1
DA:8,1
DA:9,1
DA:10,1
DA:11,1
DA:12,1
DA:13,1
DA:14,1
DA:15,1
DA:16,1
DA:17,1
DA:18,1
DA:19,1
DA:20,1
DA:21,1
DA:22,1
DA:23,1
DA:24,1
DA:25,1
DA:26,1
DA:27,1
DA:28,1
DA:29,1
LF:29
LH:29
BRF:0
BRH:0
end_of_record
TN:
SF:src/utils/validate.util.ts
FN:7,isIP
FN:11,isCIDR
FN:15,IP_CIDR
FN:19,isCRON
FN:23,validate
FNF:5
FNH:5
FNDA:15,isIP
FNDA:16,isCIDR
FNDA:11,IP_CIDR
FNDA:3,isCRON
FNDA:14,validate
DA:1,1
DA:2,1
DA:3,1
DA:4,1
DA:5,1
DA:6,1
DA:7,15
DA:8,15
DA:9,15
DA:10,1
DA:11,16
DA:12,16
DA:13,16
DA:14,1
DA:15,11
DA:16,11
DA:17,11
DA:18,1
DA:19,3
DA:20,3
DA:21,3
DA:22,1
DA:23,14
DA:24,14
DA:25,14
DA:26,14
DA:27,14
DA:28,14
DA:29,14
LF:29
LH:29
BRDA:7,0,0,15
BRDA:11,1,0,16
BRDA:15,2,0,11
BRDA:16,3,0,6
BRDA:19,4,0,3
BRDA:20,5,0,2
BRDA:23,6,0,14
BRDA:26,7,0,13
BRDA:26,8,0,1
BRDA:27,9,0,13
BRDA:27,10,0,9
BRDA:27,11,0,4
BRDA:27,12,0,4
BRDA:27,13,0,0
BRDA:27,14,0,1
BRDA:28,15,0,12
BRDA:28,16,0,9
BRDA:28,17,0,3
BRDA:28,18,0,3
BRDA:28,19,0,0
BRDA:28,20,0,1
BRDA:27,21,0,7
BRDA:28,22,0,3
BRDA:28,23,0,2
BRF:24
BRH:22
end_of_record
TN:
SF:test/mock.ts
FNF:0
FNH:0
DA:1,1
DA:2,1
DA:3,1
DA:4,1
DA:5,1
DA:6,1
DA:7,1
DA:8,1
DA:9,1
DA:10,1
DA:11,1
DA:12,1
DA:13,1
DA:14,1
DA:15,1
DA:16,1
DA:17,1
DA:18,1
DA:19,1
DA:20,1
DA:21,1
DA:22,1
DA:23,1
DA:24,1
DA:25,1
DA:26,1
DA:27,1
DA:28,1
DA:29,1
DA:30,1
DA:31,1
DA:32,1
DA:33,1
DA:34,1
DA:35,1
DA:36,1
DA:37,1
DA:38,1
DA:39,1
DA:40,1
DA:41,1
DA:42,1
DA:43,1
DA:44,1
DA:45,1
DA:46,1
DA:47,1
DA:48,1
DA:49,1
DA:50,1
DA:51,1
DA:52,1
DA:53,1
DA:54,1
DA:55,1
DA:56,1
DA:57,1
DA:58,1
DA:59,1
DA:60,1
DA:61,1
DA:62,1
DA:63,1
DA:64,1
DA:65,1
DA:66,1
LF:66
LH:66
BRDA:3,0,0,1
BRF:1
BRH:1
end_of_record
